2024-12-09 13:01:04,274 - INFO - URL: https://privo.in/
2024-12-09 13:01:04,274 - INFO - Title: Instant Easy Loan| Easy Cash Loan App| Instant Personal Loan App India
2024-12-09 13:01:04,274 - INFO - Meta Description: Looking for Best Instant Loan App Online? Privo Easy Loan App Helps You Get With Instant Cash Loan Approval Within Minutes Up to 5 Lakhs With Flexible EMIs
2024-12-09 13:01:04,274 - INFO - Meta Keywords: No meta keywords found
2024-12-09 13:01:04,274 - INFO - Robots Tag: follow, index, all
2024-12-09 13:01:04,274 - INFO - Word Count: 580
2024-12-09 13:01:04,274 - INFO - H1 Count: 2
2024-12-09 13:01:04,275 - INFO - Total Links: 40
2024-12-09 13:01:04,275 - INFO - Internal Links: 0
2024-12-09 13:01:04,275 - INFO - External Links: 40
2024-12-09 13:01:04,275 - INFO - Total Images: 3
2024-12-09 13:01:04,275 - INFO - Images Without Alt: 0
2024-12-09 13:01:04,275 - INFO - Images Without Title: 3
2024-12-09 13:01:04,275 - INFO - Schema Count: 1
2024-12-09 13:01:05,168 - INFO - URL: https://www.netafimindia.com/
2024-12-09 13:01:05,168 - INFO - Title: Netafim India: Innovative Irrigation Solutions & Services
2024-12-09 13:01:05,168 - INFO - Meta Description: Netafim leads in irrigation innovation, offering top-tier solutions from drip irrigation to fertigation for efficient crop growth and sustainable agriculture.
2024-12-09 13:01:05,168 - INFO - Meta Keywords: No meta keywords found
2024-12-09 13:01:05,168 - INFO - Robots Tag: No robots tag found
2024-12-09 13:01:05,168 - INFO - Word Count: 772
2024-12-09 13:01:05,168 - INFO - H1 Count: 1
2024-12-09 13:01:05,168 - INFO - Total Links: 129
2024-12-09 13:01:05,168 - INFO - Internal Links: 0
2024-12-09 13:01:05,168 - INFO - External Links: 129
2024-12-09 13:01:05,168 - INFO - Total Images: 45
2024-12-09 13:01:05,168 - INFO - Images Without Alt: 1
2024-12-09 13:01:05,168 - INFO - Images Without Title: 45
2024-12-09 13:01:05,168 - INFO - Schema Count: 2
2024-12-09 13:01:05,313 - INFO - URL: https://www.livglam.com/
2024-12-09 13:01:05,313 - INFO - Title: Best Aesthetic Clinic in Bangalore | Hair & Skin Care Clinic
2024-12-09 13:01:05,313 - INFO - Meta Description: Livglam Clinic is a premiere destination for advanced beauty and cosmetic procedures for men & women Dr. Harish B originated authentic treatment in Livglam.
2024-12-09 13:01:05,313 - INFO - Meta Keywords: Best cosmetic surgery clinic in Jayanaga
2024-12-09 13:01:05,313 - INFO - Robots Tag: follow, index, all
2024-12-09 13:01:05,313 - INFO - Word Count: 2632
2024-12-09 13:01:05,313 - INFO - H1 Count: 1
2024-12-09 13:01:05,313 - INFO - Total Links: 91
2024-12-09 13:01:05,313 - INFO - Internal Links: 27
2024-12-09 13:01:05,313 - INFO - External Links: 64
2024-12-09 13:01:05,313 - INFO - Total Images: 26
2024-12-09 13:01:05,313 - INFO - Images Without Alt: 0
2024-12-09 13:01:05,313 - INFO - Images Without Title: 24
2024-12-09 13:01:05,313 - INFO - Schema Count: 3
2024-12-09 13:05:21,865 - INFO - URL: https://ahrefs.com/
2024-12-09 13:05:21,865 - INFO - Title: Ahrefs—Marketing Intelligence Tools Powered by Big Data.
2024-12-09 13:05:21,866 - INFO - Meta Description: Unlock data to make effective decisions across digital marketing. SEO, content marketing, PPC, digital PR, and more.

2024-12-09 13:05:21,866 - INFO - Meta Keywords: No meta keywords found
2024-12-09 13:05:21,866 - INFO - Robots Tag: No robots tag found
2024-12-09 13:05:21,866 - INFO - Word Count: 1308
2024-12-09 13:05:21,866 - INFO - H1 Count: 1
2024-12-09 13:05:21,866 - INFO - Total Links: 136
2024-12-09 13:05:21,866 - INFO - Internal Links: 7
2024-12-09 13:05:21,866 - INFO - External Links: 129
2024-12-09 13:05:21,866 - INFO - Total Images: 100
2024-12-09 13:05:21,866 - INFO - Images Without Alt: 33
2024-12-09 13:05:21,866 - INFO - Images Without Title: 100
2024-12-09 13:05:21,866 - INFO - Schema Count: 1
2024-12-09 13:05:21,961 - INFO - URL: https://www.wordstream.com/
2024-12-09 13:05:21,962 - INFO - Title: WordStream | Online Advertising Made Easy
2024-12-09 13:05:21,962 - INFO - Meta Description: WordStream makes online advertising easy! Our blog, free tools and learning resources can help you master digital advertising and grow your business.
2024-12-09 13:05:21,962 - INFO - Meta Keywords: No meta keywords found
2024-12-09 13:05:21,963 - INFO - Robots Tag: index, follow, max-image-preview:large, max-snippet:-1, max-video-preview:-1
2024-12-09 13:05:21,963 - INFO - Word Count: 803
2024-12-09 13:05:21,963 - INFO - H1 Count: 1
2024-12-09 13:05:21,963 - INFO - Total Links: 87
2024-12-09 13:05:21,963 - INFO - Internal Links: 26
2024-12-09 13:05:21,963 - INFO - External Links: 61
2024-12-09 13:05:21,963 - INFO - Total Images: 45
2024-12-09 13:05:21,963 - INFO - Images Without Alt: 8
2024-12-09 13:05:21,963 - INFO - Images Without Title: 32
2024-12-09 13:05:21,963 - INFO - Schema Count: 1
2024-12-09 13:05:22,132 - ERROR - Failed to retrieve https://keywordtool.io/: Status code 403
2024-12-09 13:05:22,285 - INFO - URL: https://backlinko.com/
2024-12-09 13:05:22,285 - INFO - Title: Backlinko: SEO, Content Marketing, & Link Building Strategies
2024-12-09 13:05:22,285 - INFO - Meta Description: It's time to get backlinks that make a difference. Backlinko is the place for next-level SEO training and link building strategies.
2024-12-09 13:05:22,285 - INFO - Meta Keywords: No meta keywords found
2024-12-09 13:05:22,285 - INFO - Robots Tag: index, follow
2024-12-09 13:05:22,285 - INFO - Word Count: 1581
2024-12-09 13:05:22,285 - INFO - H1 Count: 1
2024-12-09 13:05:22,285 - INFO - Total Links: 202
2024-12-09 13:05:22,285 - INFO - Internal Links: 10
2024-12-09 13:05:22,285 - INFO - External Links: 192
2024-12-09 13:05:22,285 - INFO - Total Images: 3
2024-12-09 13:05:22,285 - INFO - Images Without Alt: 0
2024-12-09 13:05:22,285 - INFO - Images Without Title: 3
2024-12-09 13:05:22,285 - INFO - Schema Count: 1
2024-12-09 13:05:22,952 - INFO - URL: https://www.semrush.com/
2024-12-09 13:05:22,952 - INFO - Title: 
    
        Semrush - Online Marketing Can Be Easy
    

2024-12-09 13:05:22,952 - INFO - Meta Description: Turn the algorithm into a friend. Make your business visible online with 55+ tools for SEO, PPC, content, social media, competitive research, and more.
2024-12-09 13:05:22,952 - INFO - Meta Keywords: No meta keywords found
2024-12-09 13:05:22,952 - INFO - Robots Tag: No robots tag found
2024-12-09 13:05:22,952 - INFO - Word Count: 1836
2024-12-09 13:05:22,952 - INFO - H1 Count: 1
2024-12-09 13:05:22,952 - INFO - Total Links: 120
2024-12-09 13:05:22,952 - INFO - Internal Links: 0
2024-12-09 13:05:22,952 - INFO - External Links: 120
2024-12-09 13:05:22,952 - INFO - Total Images: 41
2024-12-09 13:05:22,952 - INFO - Images Without Alt: 0
2024-12-09 13:05:22,952 - INFO - Images Without Title: 41
2024-12-09 13:05:22,952 - INFO - Schema Count: 1
2024-12-09 13:05:37,086 - INFO - URL: https://ahrefs.com/
2024-12-09 13:05:37,086 - INFO - Title: Ahrefs—Marketing Intelligence Tools Powered by Big Data.
2024-12-09 13:05:37,086 - INFO - Meta Description: Unlock data to make effective decisions across digital marketing. SEO, content marketing, PPC, digital PR, and more.

2024-12-09 13:05:37,086 - INFO - Meta Keywords: No meta keywords found
2024-12-09 13:05:37,086 - INFO - Robots Tag: No robots tag found
2024-12-09 13:05:37,086 - INFO - Word Count: 1308
2024-12-09 13:05:37,086 - INFO - H1 Count: 1
2024-12-09 13:05:37,086 - INFO - Total Links: 136
2024-12-09 13:05:37,086 - INFO - Internal Links: 7
2024-12-09 13:05:37,086 - INFO - External Links: 129
2024-12-09 13:05:37,086 - INFO - Total Images: 100
2024-12-09 13:05:37,086 - INFO - Images Without Alt: 33
2024-12-09 13:05:37,086 - INFO - Images Without Title: 100
2024-12-09 13:05:37,086 - INFO - Schema Count: 1
2024-12-09 13:05:37,378 - INFO - URL: https://www.wordstream.com/
2024-12-09 13:05:37,378 - INFO - Title: WordStream | Online Advertising Made Easy
2024-12-09 13:05:37,378 - INFO - Meta Description: WordStream makes online advertising easy! Our blog, free tools and learning resources can help you master digital advertising and grow your business.
2024-12-09 13:05:37,378 - INFO - Meta Keywords: No meta keywords found
2024-12-09 13:05:37,378 - INFO - Robots Tag: index, follow, max-image-preview:large, max-snippet:-1, max-video-preview:-1
2024-12-09 13:05:37,378 - INFO - Word Count: 803
2024-12-09 13:05:37,378 - INFO - H1 Count: 1
2024-12-09 13:05:37,378 - INFO - Total Links: 87
2024-12-09 13:05:37,378 - INFO - Internal Links: 26
2024-12-09 13:05:37,378 - INFO - External Links: 61
2024-12-09 13:05:37,378 - INFO - Total Images: 45
2024-12-09 13:05:37,378 - INFO - Images Without Alt: 8
2024-12-09 13:05:37,378 - INFO - Images Without Title: 32
2024-12-09 13:05:37,378 - INFO - Schema Count: 1
2024-12-09 13:05:37,667 - ERROR - Failed to retrieve https://keywordtool.io/: Status code 403
2024-12-09 13:05:37,926 - INFO - URL: https://backlinko.com/
2024-12-09 13:05:37,926 - INFO - Title: Backlinko: SEO, Content Marketing, & Link Building Strategies
2024-12-09 13:05:37,926 - INFO - Meta Description: It's time to get backlinks that make a difference. Backlinko is the place for next-level SEO training and link building strategies.
2024-12-09 13:05:37,926 - INFO - Meta Keywords: No meta keywords found
2024-12-09 13:05:37,926 - INFO - Robots Tag: index, follow
2024-12-09 13:05:37,926 - INFO - Word Count: 1581
2024-12-09 13:05:37,926 - INFO - H1 Count: 1
2024-12-09 13:05:37,926 - INFO - Total Links: 202
2024-12-09 13:05:37,927 - INFO - Internal Links: 10
2024-12-09 13:05:37,927 - INFO - External Links: 192
2024-12-09 13:05:37,927 - INFO - Total Images: 3
2024-12-09 13:05:37,927 - INFO - Images Without Alt: 0
2024-12-09 13:05:37,927 - INFO - Images Without Title: 3
2024-12-09 13:05:37,927 - INFO - Schema Count: 1
2024-12-09 13:05:38,530 - INFO - URL: https://www.semrush.com/
2024-12-09 13:05:38,530 - INFO - Title: 
    
        Semrush - Online Marketing Can Be Easy
    

2024-12-09 13:05:38,530 - INFO - Meta Description: Turn the algorithm into a friend. Make your business visible online with 55+ tools for SEO, PPC, content, social media, competitive research, and more.
2024-12-09 13:05:38,530 - INFO - Meta Keywords: No meta keywords found
2024-12-09 13:05:38,530 - INFO - Robots Tag: No robots tag found
2024-12-09 13:05:38,530 - INFO - Word Count: 1836
2024-12-09 13:05:38,530 - INFO - H1 Count: 1
2024-12-09 13:05:38,530 - INFO - Total Links: 120
2024-12-09 13:05:38,530 - INFO - Internal Links: 0
2024-12-09 13:05:38,530 - INFO - External Links: 120
2024-12-09 13:05:38,530 - INFO - Total Images: 41
2024-12-09 13:05:38,530 - INFO - Images Without Alt: 0
2024-12-09 13:05:38,530 - INFO - Images Without Title: 41
2024-12-09 13:05:38,531 - INFO - Schema Count: 1
